{"C:\\Users\\AlanGustavo\\dev\\binance-bot\\src\\services\\AccountService.ts": {"path":"C:\\Users\\AlanGustavo\\dev\\binance-bot\\src\\services\\AccountService.ts","statementMap":{"0":{"start":{"line":2,"column":0},"end":{"line":2,"column":44}},"1":{"start":{"line":5,"column":12},"end":{"line":5,"column":61}},"2":{"start":{"line":8,"column":8},"end":{"line":23,"column":9}},"3":{"start":{"line":9,"column":32},"end":{"line":9,"column":63}},"4":{"start":{"line":10,"column":12},"end":{"line":12,"column":13}},"5":{"start":{"line":11,"column":16},"end":{"line":11,"column":77}},"6":{"start":{"line":13,"column":37},"end":{"line":14,"column":null}},"7":{"start":{"line":14,"column":29},"end":{"line":14,"column":91}},"8":{"start":{"line":16,"column":12},"end":{"line":18,"column":null}},"9":{"start":{"line":21,"column":12},"end":{"line":21,"column":72}},"10":{"start":{"line":22,"column":12},"end":{"line":22,"column":24}},"11":{"start":{"line":27,"column":0},"end":{"line":27,"column":36}}},"fnMap":{"0":{"name":"(anonymous_8)","decl":{"start":{"line":4,"column":0},"end":{"line":4,"column":6}},"loc":{"start":{"line":4,"column":0},"end":{"line":25,"column":1}}},"1":{"name":"(anonymous_9)","decl":{"start":{"line":7,"column":17},"end":{"line":7,"column":31}},"loc":{"start":{"line":7,"column":31},"end":{"line":24,"column":null}}},"2":{"name":"(anonymous_11)","decl":{"start":{"line":14,"column":16},"end":{"line":14,"column":17}},"loc":{"start":{"line":14,"column":29},"end":{"line":14,"column":91}}}},"branchMap":{"0":{"loc":{"start":{"line":10,"column":12},"end":{"line":12,"column":13}},"type":"if","locations":[{"start":{"line":10,"column":12},"end":{"line":12,"column":13}}]},"1":{"loc":{"start":{"line":10,"column":16},"end":{"line":10,"column":53}},"type":"binary-expr","locations":[{"start":{"line":10,"column":16},"end":{"line":10,"column":28}},{"start":{"line":10,"column":32},"end":{"line":10,"column":53}}]},"2":{"loc":{"start":{"line":14,"column":29},"end":{"line":14,"column":91}},"type":"binary-expr","locations":[{"start":{"line":14,"column":29},"end":{"line":14,"column":57}},{"start":{"line":14,"column":61},"end":{"line":14,"column":91}}]}},"s":{"0":1,"1":1,"2":3,"3":3,"4":2,"5":1,"6":1,"7":8,"8":1,"9":2,"10":2,"11":1},"f":{"0":1,"1":3,"2":8},"b":{"0":[1],"1":[2,2],"2":[8,2]}}
,"C:\\Users\\AlanGustavo\\dev\\binance-bot\\src\\services\\BinanceClient.ts": {"path":"C:\\Users\\AlanGustavo\\dev\\binance-bot\\src\\services\\BinanceClient.ts","statementMap":{"0":{"start":{"line":2,"column":0},"end":{"line":2,"column":39}},"1":{"start":{"line":3,"column":0},"end":{"line":3,"column":23}},"2":{"start":{"line":10,"column":8},"end":{"line":13,"column":11}},"3":{"start":{"line":17,"column":8},"end":{"line":19,"column":9}},"4":{"start":{"line":18,"column":12},"end":{"line":18,"column":57}},"5":{"start":{"line":20,"column":8},"end":{"line":20,"column":38}},"6":{"start":{"line":24,"column":8},"end":{"line":24,"column":27}},"7":{"start":{"line":28,"column":0},"end":{"line":28,"column":29}}},"fnMap":{"0":{"name":"(anonymous_1)","decl":{"start":{"line":9,"column":4},"end":{"line":9,"column":null}},"loc":{"start":{"line":9,"column":4},"end":{"line":14,"column":5}}},"1":{"name":"(anonymous_2)","decl":{"start":{"line":16,"column":11},"end":{"line":16,"column":17}},"loc":{"start":{"line":16,"column":29},"end":{"line":21,"column":5}}},"2":{"name":"(anonymous_3)","decl":{"start":{"line":23,"column":11},"end":{"line":23,"column":20}},"loc":{"start":{"line":23,"column":20},"end":{"line":25,"column":5}}}},"branchMap":{"0":{"loc":{"start":{"line":17,"column":8},"end":{"line":19,"column":9}},"type":"if","locations":[{"start":{"line":17,"column":8},"end":{"line":19,"column":9}}]}},"s":{"0":4,"1":4,"2":1,"3":3,"4":1,"5":3,"6":1,"7":4},"f":{"0":1,"1":3,"2":1},"b":{"0":[1]}}
,"C:\\Users\\AlanGustavo\\dev\\binance-bot\\src\\services\\HistoricalCandlesService.ts": {"path":"C:\\Users\\AlanGustavo\\dev\\binance-bot\\src\\services\\HistoricalCandlesService.ts","statementMap":{"0":{"start":{"line":2,"column":0},"end":{"line":2,"column":44}},"1":{"start":{"line":4,"column":0},"end":{"line":4,"column":62}},"2":{"start":{"line":7,"column":12},"end":{"line":7,"column":61}},"3":{"start":{"line":8,"column":12},"end":{"line":8,"column":32}},"4":{"start":{"line":9,"column":12},"end":{"line":9,"column":42}},"5":{"start":{"line":10,"column":12},"end":{"line":10,"column":31}},"6":{"start":{"line":11,"column":12},"end":{"line":11,"column":73}},"7":{"start":{"line":14,"column":8},"end":{"line":14,"column":27}},"8":{"start":{"line":15,"column":8},"end":{"line":15,"column":29}},"9":{"start":{"line":16,"column":8},"end":{"line":26,"column":9}},"10":{"start":{"line":17,"column":28},"end":{"line":17,"column":82}},"11":{"start":{"line":18,"column":12},"end":{"line":18,"column":45}},"12":{"start":{"line":20,"column":12},"end":{"line":20,"column":93}},"13":{"start":{"line":22,"column":12},"end":{"line":22,"column":42}},"14":{"start":{"line":24,"column":12},"end":{"line":24,"column":85}},"15":{"start":{"line":25,"column":12},"end":{"line":25,"column":24}},"16":{"start":{"line":30,"column":8},"end":{"line":30,"column":38}},"17":{"start":{"line":34,"column":34},"end":{"line":34,"column":62}},"18":{"start":{"line":35,"column":8},"end":{"line":35,"column":80}},"19":{"start":{"line":36,"column":8},"end":{"line":36,"column":44}},"20":{"start":{"line":37,"column":27},"end":{"line":37,"column":84}},"21":{"start":{"line":38,"column":8},"end":{"line":49,"column":9}},"22":{"start":{"line":40,"column":12},"end":{"line":40,"column":90}},"23":{"start":{"line":43,"column":12},"end":{"line":43,"column":59}},"24":{"start":{"line":46,"column":12},"end":{"line":48,"column":13}},"25":{"start":{"line":47,"column":16},"end":{"line":47,"column":47}},"26":{"start":{"line":54,"column":8},"end":{"line":66,"column":10}},"27":{"start":{"line":71,"column":0},"end":{"line":71,"column":40}}},"fnMap":{"0":{"name":"(anonymous_8)","decl":{"start":{"line":6,"column":0},"end":{"line":6,"column":6}},"loc":{"start":{"line":6,"column":0},"end":{"line":69,"column":1}}},"1":{"name":"(anonymous_9)","decl":{"start":{"line":13,"column":17},"end":{"line":13,"column":37}},"loc":{"start":{"line":13,"column":101},"end":{"line":27,"column":null}}},"2":{"name":"(anonymous_11)","decl":{"start":{"line":29,"column":11},"end":{"line":29,"column":27}},"loc":{"start":{"line":29,"column":27},"end":{"line":31,"column":5}}},"3":{"name":"(anonymous_12)","decl":{"start":{"line":33,"column":11},"end":{"line":33,"column":23}},"loc":{"start":{"line":33,"column":35},"end":{"line":50,"column":5}}},"4":{"name":"(anonymous_13)","decl":{"start":{"line":53,"column":12},"end":{"line":53,"column":27}},"loc":{"start":{"line":53,"column":39},"end":{"line":67,"column":5}}}},"branchMap":{"0":{"loc":{"start":{"line":38,"column":8},"end":{"line":49,"column":9}},"type":"if","locations":[{"start":{"line":38,"column":8},"end":{"line":49,"column":9}},{"start":{"line":41,"column":15},"end":{"line":49,"column":9}}]},"1":{"loc":{"start":{"line":38,"column":12},"end":{"line":38,"column":76}},"type":"binary-expr","locations":[{"start":{"line":38,"column":12},"end":{"line":38,"column":22}},{"start":{"line":38,"column":26},"end":{"line":38,"column":76}}]},"2":{"loc":{"start":{"line":46,"column":12},"end":{"line":48,"column":13}},"type":"if","locations":[{"start":{"line":46,"column":12},"end":{"line":48,"column":13}}]},"3":{"loc":{"start":{"line":55,"column":22},"end":{"line":55,"column":46}},"type":"binary-expr","locations":[{"start":{"line":55,"column":22},"end":{"line":55,"column":38}},{"start":{"line":55,"column":42},"end":{"line":55,"column":46}}]},"4":{"loc":{"start":{"line":56,"column":18},"end":{"line":56,"column":36}},"type":"binary-expr","locations":[{"start":{"line":56,"column":18},"end":{"line":56,"column":29}},{"start":{"line":56,"column":33},"end":{"line":56,"column":36}}]},"5":{"loc":{"start":{"line":57,"column":18},"end":{"line":57,"column":36}},"type":"binary-expr","locations":[{"start":{"line":57,"column":18},"end":{"line":57,"column":29}},{"start":{"line":57,"column":33},"end":{"line":57,"column":36}}]},"6":{"loc":{"start":{"line":58,"column":17},"end":{"line":58,"column":34}},"type":"binary-expr","locations":[{"start":{"line":58,"column":17},"end":{"line":58,"column":27}},{"start":{"line":58,"column":31},"end":{"line":58,"column":34}}]},"7":{"loc":{"start":{"line":59,"column":19},"end":{"line":59,"column":38}},"type":"binary-expr","locations":[{"start":{"line":59,"column":19},"end":{"line":59,"column":31}},{"start":{"line":59,"column":35},"end":{"line":59,"column":38}}]},"8":{"loc":{"start":{"line":60,"column":20},"end":{"line":60,"column":40}},"type":"binary-expr","locations":[{"start":{"line":60,"column":20},"end":{"line":60,"column":33}},{"start":{"line":60,"column":37},"end":{"line":60,"column":40}}]},"9":{"loc":{"start":{"line":61,"column":23},"end":{"line":61,"column":47}},"type":"binary-expr","locations":[{"start":{"line":61,"column":23},"end":{"line":61,"column":39}},{"start":{"line":61,"column":43},"end":{"line":61,"column":47}}]},"10":{"loc":{"start":{"line":62,"column":25},"end":{"line":62,"column":50}},"type":"binary-expr","locations":[{"start":{"line":62,"column":25},"end":{"line":62,"column":43}},{"start":{"line":62,"column":47},"end":{"line":62,"column":50}}]},"11":{"loc":{"start":{"line":63,"column":20},"end":{"line":63,"column":38}},"type":"binary-expr","locations":[{"start":{"line":63,"column":20},"end":{"line":63,"column":33}},{"start":{"line":63,"column":37},"end":{"line":63,"column":38}}]},"12":{"loc":{"start":{"line":64,"column":29},"end":{"line":64,"column":58}},"type":"binary-expr","locations":[{"start":{"line":64,"column":29},"end":{"line":64,"column":51}},{"start":{"line":64,"column":55},"end":{"line":64,"column":58}}]},"13":{"loc":{"start":{"line":65,"column":30},"end":{"line":65,"column":60}},"type":"binary-expr","locations":[{"start":{"line":65,"column":30},"end":{"line":65,"column":53}},{"start":{"line":65,"column":57},"end":{"line":65,"column":60}}]}},"s":{"0":1,"1":1,"2":11,"3":11,"4":11,"5":11,"6":11,"7":2,"8":2,"9":2,"10":2,"11":1,"12":1,"13":1,"14":1,"15":1,"16":7,"17":5,"18":5,"19":5,"20":5,"21":5,"22":1,"23":4,"24":4,"25":1,"26":9,"27":1},"f":{"0":11,"1":2,"2":7,"3":5,"4":9},"b":{"0":[1,4],"1":[5,3],"2":[1],"3":[9,1],"4":[9,2],"5":[9,3],"6":[9,3],"7":[9,3],"8":[9,3],"9":[9,7],"10":[9,7],"11":[9,7],"12":[9,7],"13":[9,7]}}
,"C:\\Users\\AlanGustavo\\dev\\binance-bot\\src\\services\\RealTimeCandlesService.ts": {"path":"C:\\Users\\AlanGustavo\\dev\\binance-bot\\src\\services\\RealTimeCandlesService.ts","statementMap":{"0":{"start":{"line":2,"column":0},"end":{"line":2,"column":44}},"1":{"start":{"line":7,"column":12},"end":{"line":7,"column":61}},"2":{"start":{"line":13,"column":8},"end":{"line":13,"column":29}},"3":{"start":{"line":14,"column":8},"end":{"line":14,"column":33}},"4":{"start":{"line":15,"column":8},"end":{"line":15,"column":65}},"5":{"start":{"line":16,"column":8},"end":{"line":16,"column":35}},"6":{"start":{"line":20,"column":8},"end":{"line":23,"column":11}},"7":{"start":{"line":21,"column":12},"end":{"line":21,"column":78}},"8":{"start":{"line":22,"column":12},"end":{"line":22,"column":63}},"9":{"start":{"line":27,"column":0},"end":{"line":27,"column":38}}},"fnMap":{"0":{"name":"(anonymous_1)","decl":{"start":{"line":12,"column":4},"end":{"line":12,"column":16}},"loc":{"start":{"line":12,"column":116},"end":{"line":17,"column":5}}},"1":{"name":"(anonymous_2)","decl":{"start":{"line":19,"column":12},"end":{"line":19,"column":31}},"loc":{"start":{"line":19,"column":31},"end":{"line":24,"column":5}}},"2":{"name":"(anonymous_3)","decl":{"start":{"line":20,"column":59},"end":{"line":20,"column":60}},"loc":{"start":{"line":20,"column":70},"end":{"line":23,"column":9}}}},"branchMap":{},"s":{"0":2,"1":2,"2":2,"3":2,"4":2,"5":2,"6":2,"7":2,"8":2,"9":2},"f":{"0":2,"1":2,"2":2},"b":{}}
}
