TN:
SF:src\services\AccountService.ts
FN:4,(anonymous_8)
FN:7,(anonymous_9)
FN:14,(anonymous_11)
FNF:3
FNH:3
FNDA:1,(anonymous_8)
FNDA:3,(anonymous_9)
FNDA:8,(anonymous_11)
DA:2,1
DA:5,1
DA:8,3
DA:9,3
DA:10,2
DA:11,1
DA:13,1
DA:14,8
DA:16,1
DA:21,2
DA:22,2
DA:27,1
LF:12
LH:12
BRDA:10,0,0,1
BRDA:10,1,0,2
BRDA:10,1,1,2
BRDA:14,2,0,8
BRDA:14,2,1,2
BRF:5
BRH:5
end_of_record
TN:
SF:src\services\BinanceClient.ts
FN:9,(anonymous_1)
FN:16,(anonymous_2)
FN:23,(anonymous_3)
FNF:3
FNH:3
FNDA:1,(anonymous_1)
FNDA:3,(anonymous_2)
FNDA:1,(anonymous_3)
DA:2,4
DA:3,4
DA:10,1
DA:17,3
DA:18,1
DA:20,3
DA:24,1
DA:28,4
LF:8
LH:8
BRDA:17,0,0,1
BRF:1
BRH:1
end_of_record
TN:
SF:src\services\HistoricalCandlesService.ts
FN:6,(anonymous_8)
FN:13,(anonymous_9)
FN:29,(anonymous_11)
FN:33,(anonymous_12)
FN:53,(anonymous_13)
FNF:5
FNH:5
FNDA:11,(anonymous_8)
FNDA:2,(anonymous_9)
FNDA:7,(anonymous_11)
FNDA:5,(anonymous_12)
FNDA:9,(anonymous_13)
DA:2,1
DA:4,1
DA:7,11
DA:8,11
DA:9,11
DA:10,11
DA:11,11
DA:14,2
DA:15,2
DA:16,2
DA:17,2
DA:18,1
DA:20,1
DA:22,1
DA:24,1
DA:25,1
DA:30,7
DA:34,5
DA:35,5
DA:36,5
DA:37,5
DA:38,5
DA:40,1
DA:43,4
DA:46,4
DA:47,1
DA:54,9
DA:71,1
LF:28
LH:28
BRDA:38,0,0,1
BRDA:38,0,1,4
BRDA:38,1,0,5
BRDA:38,1,1,3
BRDA:46,2,0,1
BRDA:55,3,0,9
BRDA:55,3,1,1
BRDA:56,4,0,9
BRDA:56,4,1,2
BRDA:57,5,0,9
BRDA:57,5,1,3
BRDA:58,6,0,9
BRDA:58,6,1,3
BRDA:59,7,0,9
BRDA:59,7,1,3
BRDA:60,8,0,9
BRDA:60,8,1,3
BRDA:61,9,0,9
BRDA:61,9,1,7
BRDA:62,10,0,9
BRDA:62,10,1,7
BRDA:63,11,0,9
BRDA:63,11,1,7
BRDA:64,12,0,9
BRDA:64,12,1,7
BRDA:65,13,0,9
BRDA:65,13,1,7
BRF:27
BRH:27
end_of_record
TN:
SF:src\services\RealTimeCandlesService.ts
FN:12,(anonymous_1)
FN:19,(anonymous_2)
FN:20,(anonymous_3)
FNF:3
FNH:3
FNDA:2,(anonymous_1)
FNDA:2,(anonymous_2)
FNDA:2,(anonymous_3)
DA:2,2
DA:7,2
DA:13,2
DA:14,2
DA:15,2
DA:16,2
DA:20,2
DA:21,2
DA:22,2
DA:27,2
LF:10
LH:10
BRF:0
BRH:0
end_of_record
